已經開始建置於 2018/1/27 上午 09:12:47。
     1>節點 2 (build 目標) 上的專案 "C:\Users\Q\Documents\GitHub\C\Recursion\hanoi\hanoi\hanoi\hanoi.vcxproj"。
     1>PrepareForBuild:
         正在建立目錄 "C:\Users\Q\Documents\GitHub\C\Recursion\hanoi\hanoi\Debug\"。
       InitializeBuildStatus:
         由於指定了 "AlwaysCreate"，因此正在建立 "Debug\hanoi.unsuccessfulbuild"。
       ClCompile:
         C:\Program Files (x86)\Microsoft Visual Studio 10.0\VC\bin\CL.exe /c /ZI /nologo /W3 /WX- /Od /Oy- /D WIN32 /D _DEBUG /D _CONSOLE /D _UNICODE /D UNICODE /Gm /EHsc /RTC1 /MDd /GS /fp:precise /Zc:wchar_t /Zc:forScope /Yc"StdAfx.h" /Fp"Debug\hanoi.pch" /Fo"Debug\\" /Fd"Debug\vc100.pdb" /Gd /TP /analyze- /errorReport:prompt stdafx.cpp
         stdafx.cpp
         C:\Program Files (x86)\Microsoft Visual Studio 10.0\VC\bin\CL.exe /c /ZI /nologo /W3 /WX- /Od /Oy- /D WIN32 /D _DEBUG /D _CONSOLE /D _UNICODE /D UNICODE /Gm /EHsc /RTC1 /MDd /GS /fp:precise /Zc:wchar_t /Zc:forScope /Yu"StdAfx.h" /Fp"Debug\hanoi.pch" /Fo"Debug\\" /Fd"Debug\vc100.pdb" /Gd /TP /analyze- /errorReport:prompt hanoi.cpp
         hanoi.cpp
     1>c:\users\q\documents\github\c\recursion\hanoi\hanoi\hanoi\hanoi.cpp(17): warning C4996: 'scanf': This function or variable may be unsafe. Consider using scanf_s instead. To disable deprecation, use _CRT_SECURE_NO_WARNINGS. See online help for details.
                 c:\program files (x86)\microsoft visual studio 10.0\vc\include\stdio.h(304) : see declaration of 'scanf'
       ManifestResourceCompile:
         C:\Program Files (x86)\Microsoft SDKs\Windows\v7.0A\bin\rc.exe /nologo /fo"Debug\hanoi.exe.embed.manifest.res" Debug\hanoi_manifest.rc 
       Link:
         C:\Program Files (x86)\Microsoft Visual Studio 10.0\VC\bin\link.exe /ERRORREPORT:PROMPT /OUT:"C:\Users\Q\Documents\GitHub\C\Recursion\hanoi\hanoi\Debug\hanoi.exe" /INCREMENTAL /NOLOGO kernel32.lib user32.lib gdi32.lib winspool.lib comdlg32.lib advapi32.lib shell32.lib ole32.lib oleaut32.lib uuid.lib odbc32.lib odbccp32.lib /MANIFEST /ManifestFile:"Debug\hanoi.exe.intermediate.manifest" /MANIFESTUAC:"level='asInvoker' uiAccess='false'" /DEBUG /PDB:"C:\Users\Q\Documents\GitHub\C\Recursion\hanoi\hanoi\Debug\hanoi.pdb" /SUBSYSTEM:CONSOLE /TLBID:1 /DYNAMICBASE /NXCOMPAT /IMPLIB:"C:\Users\Q\Documents\GitHub\C\Recursion\hanoi\hanoi\Debug\hanoi.lib" /MACHINE:X86 Debug\hanoi.exe.embed.manifest.res
         Debug\hanoi.obj
         Debug\stdafx.obj
       Manifest:
         C:\Program Files (x86)\Microsoft SDKs\Windows\v7.0A\bin\mt.exe /nologo /verbose /out:"Debug\hanoi.exe.embed.manifest" /manifest Debug\hanoi.exe.intermediate.manifest
         C:\Program Files (x86)\Microsoft SDKs\Windows\v7.0A\bin\rc.exe /nologo /fo"Debug\hanoi.exe.embed.manifest.res" Debug\hanoi_manifest.rc 
       LinkEmbedManifest:
         C:\Program Files (x86)\Microsoft Visual Studio 10.0\VC\bin\link.exe /ERRORREPORT:PROMPT /OUT:"C:\Users\Q\Documents\GitHub\C\Recursion\hanoi\hanoi\Debug\hanoi.exe" /INCREMENTAL /NOLOGO kernel32.lib user32.lib gdi32.lib winspool.lib comdlg32.lib advapi32.lib shell32.lib ole32.lib oleaut32.lib uuid.lib odbc32.lib odbccp32.lib /MANIFEST /ManifestFile:"Debug\hanoi.exe.intermediate.manifest" /MANIFESTUAC:"level='asInvoker' uiAccess='false'" /DEBUG /PDB:"C:\Users\Q\Documents\GitHub\C\Recursion\hanoi\hanoi\Debug\hanoi.pdb" /SUBSYSTEM:CONSOLE /TLBID:1 /DYNAMICBASE /NXCOMPAT /IMPLIB:"C:\Users\Q\Documents\GitHub\C\Recursion\hanoi\hanoi\Debug\hanoi.lib" /MACHINE:X86 Debug\hanoi.exe.embed.manifest.res
         Debug\hanoi.obj
         Debug\stdafx.obj
         hanoi.vcxproj -> C:\Users\Q\Documents\GitHub\C\Recursion\hanoi\hanoi\Debug\hanoi.exe
       FinalizeBuildStatus:
         正在刪除檔案 "Debug\hanoi.unsuccessfulbuild"。
         正在變更時間戳記 "Debug\hanoi.lastbuildstate"。
     1>專案 "C:\Users\Q\Documents\GitHub\C\Recursion\hanoi\hanoi\hanoi\hanoi.vcxproj" (build 目標) 建置完成。

建置成功。

經過時間 00:00:15.61
