已經開始建置於 2018/2/4 上午 11:38:49。
     1>節點 2 (build 目標) 上的專案 "C:\Users\Q\Documents\GitHub\C\BinaryTree\BinaryTree\BinaryTree\BinaryTree.vcxproj"。
     1>InitializeBuildStatus:
         由於指定了 "AlwaysCreate"，因此正在建立 "Debug\BinaryTree.unsuccessfulbuild"。
       ClCompile:
         所有輸出都是最新的。
         C:\Program Files (x86)\Microsoft Visual Studio 10.0\VC\bin\CL.exe /c /ZI /nologo /W3 /WX- /Od /Oy- /D WIN32 /D _DEBUG /D _CONSOLE /D _UNICODE /D UNICODE /Gm /EHsc /RTC1 /MDd /GS /fp:precise /Zc:wchar_t /Zc:forScope /Yu"StdAfx.h" /Fp"Debug\BinaryTree.pch" /Fo"Debug\\" /Fd"Debug\vc100.pdb" /Gd /TP /analyze- /errorReport:prompt BinaryTree.cpp
         BinaryTree.cpp
       ManifestResourceCompile:
         所有輸出都是最新的。
       Link:
         C:\Program Files (x86)\Microsoft Visual Studio 10.0\VC\bin\link.exe /ERRORREPORT:PROMPT /OUT:"C:\Users\Q\Documents\GitHub\C\BinaryTree\BinaryTree\Debug\BinaryTree.exe" /INCREMENTAL /NOLOGO kernel32.lib user32.lib gdi32.lib winspool.lib comdlg32.lib advapi32.lib shell32.lib ole32.lib oleaut32.lib uuid.lib odbc32.lib odbccp32.lib /MANIFEST /ManifestFile:"Debug\BinaryTree.exe.intermediate.manifest" /MANIFESTUAC:"level='asInvoker' uiAccess='false'" /DEBUG /PDB:"C:\Users\Q\Documents\GitHub\C\BinaryTree\BinaryTree\Debug\BinaryTree.pdb" /SUBSYSTEM:CONSOLE /TLBID:1 /DYNAMICBASE /NXCOMPAT /IMPLIB:"C:\Users\Q\Documents\GitHub\C\BinaryTree\BinaryTree\Debug\BinaryTree.lib" /MACHINE:X86 Debug\BinaryTree.exe.embed.manifest.res
         Debug\BinaryTree.obj
         Debug\stdafx.obj
       Manifest:
         C:\Program Files (x86)\Microsoft SDKs\Windows\v7.0A\bin\mt.exe /nologo /verbose /out:"Debug\BinaryTree.exe.embed.manifest" /manifest Debug\BinaryTree.exe.intermediate.manifest
         所有輸出都是最新的。
       LinkEmbedManifest:
         所有輸出都是最新的。
         BinaryTree.vcxproj -> C:\Users\Q\Documents\GitHub\C\BinaryTree\BinaryTree\Debug\BinaryTree.exe
       FinalizeBuildStatus:
         正在刪除檔案 "Debug\BinaryTree.unsuccessfulbuild"。
         正在變更時間戳記 "Debug\BinaryTree.lastbuildstate"。
     1>專案 "C:\Users\Q\Documents\GitHub\C\BinaryTree\BinaryTree\BinaryTree\BinaryTree.vcxproj" (build 目標) 建置完成。

建置成功。

經過時間 00:00:02.81
