Build started 2017/9/23 下午 12:22:16.
     1>Project "C:\Users\Q\Documents\GitHub\C\OptimizeStringCopy\OptimizeStringCopy\OptimizeStringCopy\OptimizeStringCopy.vcxproj" on node 2 (build target(s)).
     1>InitializeBuildStatus:
         Creating "Debug\OptimizeStringCopy.unsuccessfulbuild" because "AlwaysCreate" was specified.
       ClCompile:
         All outputs are up-to-date.
         C:\Program Files (x86)\Microsoft Visual Studio 10.0\VC\bin\CL.exe /c /ZI /nologo /W3 /WX- /Od /Oy- /D WIN32 /D _DEBUG /D _CONSOLE /D _UNICODE /D UNICODE /Gm /EHsc /RTC1 /MDd /GS /fp:precise /Zc:wchar_t /Zc:forScope /Yu"StdAfx.h" /Fp"Debug\OptimizeStringCopy.pch" /Fo"Debug\\" /Fd"Debug\vc100.pdb" /Gd /TP /analyze- /errorReport:prompt OptimizeStringCopy.cpp
         OptimizeStringCopy.cpp
     1>c:\users\q\documents\github\c\optimizestringcopy\optimizestringcopy\optimizestringcopy\optimizestringcopy.cpp(57): warning C4018: '<' : signed/unsigned mismatch
     1>c:\users\q\documents\github\c\optimizestringcopy\optimizestringcopy\optimizestringcopy\optimizestringcopy.cpp(71): warning C4018: '<' : signed/unsigned mismatch
     1>c:\users\q\documents\github\c\optimizestringcopy\optimizestringcopy\optimizestringcopy\optimizestringcopy.cpp(85): warning C4018: '<' : signed/unsigned mismatch
     1>c:\users\q\documents\github\c\optimizestringcopy\optimizestringcopy\optimizestringcopy\optimizestringcopy.cpp(98): warning C4018: '<' : signed/unsigned mismatch
       ManifestResourceCompile:
         All outputs are up-to-date.
       Link:
         C:\Program Files (x86)\Microsoft Visual Studio 10.0\VC\bin\link.exe /ERRORREPORT:PROMPT /OUT:"C:\Users\Q\Documents\GitHub\C\OptimizeStringCopy\OptimizeStringCopy\Debug\OptimizeStringCopy.exe" /INCREMENTAL /NOLOGO kernel32.lib user32.lib gdi32.lib winspool.lib comdlg32.lib advapi32.lib shell32.lib ole32.lib oleaut32.lib uuid.lib odbc32.lib odbccp32.lib /MANIFEST /ManifestFile:"Debug\OptimizeStringCopy.exe.intermediate.manifest" /MANIFESTUAC:"level='asInvoker' uiAccess='false'" /DEBUG /PDB:"C:\Users\Q\Documents\GitHub\C\OptimizeStringCopy\OptimizeStringCopy\Debug\OptimizeStringCopy.pdb" /SUBSYSTEM:CONSOLE /TLBID:1 /DYNAMICBASE /NXCOMPAT /IMPLIB:"C:\Users\Q\Documents\GitHub\C\OptimizeStringCopy\OptimizeStringCopy\Debug\OptimizeStringCopy.lib" /MACHINE:X86 Debug\OptimizeStringCopy.exe.embed.manifest.res
         Debug\OptimizeStringCopy.obj
         Debug\stdafx.obj
       Manifest:
         C:\Program Files (x86)\Microsoft SDKs\Windows\v7.0A\bin\mt.exe /nologo /verbose /out:"Debug\OptimizeStringCopy.exe.embed.manifest" /manifest Debug\OptimizeStringCopy.exe.intermediate.manifest
         All outputs are up-to-date.
       LinkEmbedManifest:
         All outputs are up-to-date.
         OptimizeStringCopy.vcxproj -> C:\Users\Q\Documents\GitHub\C\OptimizeStringCopy\OptimizeStringCopy\Debug\OptimizeStringCopy.exe
       FinalizeBuildStatus:
         Deleting file "Debug\OptimizeStringCopy.unsuccessfulbuild".
         Touching "Debug\OptimizeStringCopy.lastbuildstate".
     1>Done Building Project "C:\Users\Q\Documents\GitHub\C\OptimizeStringCopy\OptimizeStringCopy\OptimizeStringCopy\OptimizeStringCopy.vcxproj" (build target(s)).

Build succeeded.

Time Elapsed 00:00:18.19
